2026-03-12T16:00:43.853+08:00  INFO 23976 --- [stwe-data-poc] [main] com.toowe.stwe.AppStarter                : Starting AppStarter using Java 21.0.9 with PID 23976 (E:\project\stwe-data-poc\target\classes started by win10 in E:\project\stwe-data-poc)
2026-03-12T16:00:43.854+08:00  INFO 23976 --- [stwe-data-poc] [main] com.toowe.stwe.AppStarter                : No active profile set, falling back to 1 default profile: "default"
2026-03-12T16:00:44.362+08:00  INFO 23976 --- [stwe-data-poc] [main] o.s.b.w.embedded.tomcat.TomcatWebServer  : Tomcat initialized with port 20263 (http)
2026-03-12T16:00:44.371+08:00  INFO 23976 --- [stwe-data-poc] [main] o.apache.catalina.core.StandardService   : Starting service [Tomcat]
2026-03-12T16:00:44.371+08:00  INFO 23976 --- [stwe-data-poc] [main] o.apache.catalina.core.StandardEngine    : Starting Servlet engine: [Apache Tomcat/10.1.31]
2026-03-12T16:00:44.400+08:00  INFO 23976 --- [stwe-data-poc] [main] o.a.c.c.C.[Tomcat].[localhost].[/]       : Initializing Spring embedded WebApplicationContext
2026-03-12T16:00:44.401+08:00  INFO 23976 --- [stwe-data-poc] [main] w.s.c.ServletWebServerApplicationContext : Root WebApplicationContext: initialization completed in 527 ms
2026-03-12T16:00:44.618+08:00  INFO 23976 --- [stwe-data-poc] [main] o.s.b.w.embedded.tomcat.TomcatWebServer  : Tomcat started on port 20263 (http) with context path '/'
2026-03-12T16:00:44.624+08:00  INFO 23976 --- [stwe-data-poc] [main] com.toowe.stwe.AppStarter                : Started AppStarter in 1.126 seconds (process running for 1.63)
2026-03-12T16:00:44.625+08:00  INFO 23976 --- [stwe-data-poc] [main] com.toowe.stwe.AppStarter                : 
----------------------------------------------------------
	Application 'stwe-data-poc' is running! Access URLs:
	Local: 		http://localhost:20263
	External: 	http://28.0.0.1:20263
	Doc: 	http://28.0.0.1:20263/doc.html
----------------------------------------------------------
2026-03-12T16:00:57.560+08:00  INFO 23976 --- [stwe-data-poc] [http-nio-20263-exec-1] o.a.c.c.C.[Tomcat].[localhost].[/]       : Initializing Spring DispatcherServlet 'dispatcherServlet'
2026-03-12T16:00:57.560+08:00  INFO 23976 --- [stwe-data-poc] [http-nio-20263-exec-1] o.s.web.servlet.DispatcherServlet        : Initializing Servlet 'dispatcherServlet'
2026-03-12T16:00:57.560+08:00  INFO 23976 --- [stwe-data-poc] [http-nio-20263-exec-1] o.s.web.servlet.DispatcherServlet        : Completed initialization in 0 ms
2026-03-12T16:06:36.017+08:00  INFO 22712 --- [stwe-data-poc] [restartedMain] com.toowe.stwe.AppStarter                : Starting AppStarter using Java 21.0.9 with PID 22712 (E:\project\stwe-data-poc\target\classes started by win10 in E:\project\stwe-data-poc)
2026-03-12T16:06:36.018+08:00  INFO 22712 --- [stwe-data-poc] [restartedMain] com.toowe.stwe.AppStarter                : No active profile set, falling back to 1 default profile: "default"
2026-03-12T16:06:36.175+08:00  INFO 22712 --- [stwe-data-poc] [restartedMain] .e.DevToolsPropertyDefaultsPostProcessor : Devtools property defaults active! Set 'spring.devtools.add-properties' to 'false' to disable
2026-03-12T16:06:36.175+08:00  INFO 22712 --- [stwe-data-poc] [restartedMain] .e.DevToolsPropertyDefaultsPostProcessor : For additional web related logging consider setting the 'logging.level.web' property to 'DEBUG'
2026-03-12T16:06:36.903+08:00  WARN 22712 --- [stwe-data-poc] [restartedMain] o.m.s.mapper.ClassPathMapperScanner      : No MyBatis mapper was found in '[com.toowe.stwe]' package. Please check your configuration.
2026-03-12T16:06:37.399+08:00  INFO 22712 --- [stwe-data-poc] [restartedMain] o.s.b.w.embedded.tomcat.TomcatWebServer  : Tomcat initialized with port 20263 (http)
2026-03-12T16:06:37.411+08:00  INFO 22712 --- [stwe-data-poc] [restartedMain] o.apache.catalina.core.StandardService   : Starting service [Tomcat]
2026-03-12T16:06:37.411+08:00  INFO 22712 --- [stwe-data-poc] [restartedMain] o.apache.catalina.core.StandardEngine    : Starting Servlet engine: [Apache Tomcat/10.1.31]
2026-03-12T16:06:37.455+08:00  INFO 22712 --- [stwe-data-poc] [restartedMain] o.a.c.c.C.[Tomcat].[localhost].[/]       : Initializing Spring embedded WebApplicationContext
2026-03-12T16:06:37.456+08:00  INFO 22712 --- [stwe-data-poc] [restartedMain] w.s.c.ServletWebServerApplicationContext : Root WebApplicationContext: initialization completed in 1281 ms
2026-03-12T16:06:37.919+08:00  WARN 22712 --- [stwe-data-poc] [restartedMain] ConfigServletWebServerApplicationContext : Exception encountered during context initialization - cancelling refresh attempt: org.springframework.beans.factory.BeanCreationException: Error creating bean with name 'dataSource' defined in class path resource [org/springframework/boot/autoconfigure/jdbc/DataSourceConfiguration$Hikari.class]: Failed to instantiate [com.zaxxer.hikari.HikariDataSource]: Factory method 'dataSource' threw exception with message: Failed to determine a suitable driver class
2026-03-12T16:06:37.922+08:00  INFO 22712 --- [stwe-data-poc] [restartedMain] o.apache.catalina.core.StandardService   : Stopping service [Tomcat]
2026-03-12T16:06:37.931+08:00  INFO 22712 --- [stwe-data-poc] [restartedMain] .s.b.a.l.ConditionEvaluationReportLogger : 

Error starting ApplicationContext. To display the condition evaluation report re-run your application with 'debug' enabled.
2026-03-12T16:06:37.946+08:00 ERROR 22712 --- [stwe-data-poc] [restartedMain] o.s.b.d.LoggingFailureAnalysisReporter   : 

***************************
APPLICATION FAILED TO START
***************************

Description:

Failed to configure a DataSource: 'url' attribute is not specified and no embedded datasource could be configured.

Reason: Failed to determine a suitable driver class


Action:

Consider the following:
	If you want an embedded database (H2, HSQL or Derby), please put it on the classpath.
	If you have database settings to be loaded from a particular profile you may need to activate it (no profiles are currently active).

2026-03-12T16:08:07.025+08:00  INFO 35488 --- [stwe-data-poc] [restartedMain] com.toowe.stwe.AppStarter                : Starting AppStarter using Java 21.0.9 with PID 35488 (E:\project\stwe-data-poc\target\classes started by win10 in E:\project\stwe-data-poc)
2026-03-12T16:08:07.026+08:00  INFO 35488 --- [stwe-data-poc] [restartedMain] com.toowe.stwe.AppStarter                : No active profile set, falling back to 1 default profile: "default"
2026-03-12T16:08:07.157+08:00  INFO 35488 --- [stwe-data-poc] [restartedMain] .e.DevToolsPropertyDefaultsPostProcessor : Devtools property defaults active! Set 'spring.devtools.add-properties' to 'false' to disable
2026-03-12T16:08:07.157+08:00  INFO 35488 --- [stwe-data-poc] [restartedMain] .e.DevToolsPropertyDefaultsPostProcessor : For additional web related logging consider setting the 'logging.level.web' property to 'DEBUG'
2026-03-12T16:08:07.841+08:00  WARN 35488 --- [stwe-data-poc] [restartedMain] o.m.s.mapper.ClassPathMapperScanner      : No MyBatis mapper was found in '[com.toowe.stwe]' package. Please check your configuration.
2026-03-12T16:08:08.350+08:00  INFO 35488 --- [stwe-data-poc] [restartedMain] o.s.b.w.embedded.tomcat.TomcatWebServer  : Tomcat initialized with port 20263 (http)
2026-03-12T16:08:08.361+08:00  INFO 35488 --- [stwe-data-poc] [restartedMain] o.apache.catalina.core.StandardService   : Starting service [Tomcat]
2026-03-12T16:08:08.362+08:00  INFO 35488 --- [stwe-data-poc] [restartedMain] o.apache.catalina.core.StandardEngine    : Starting Servlet engine: [Apache Tomcat/10.1.31]
2026-03-12T16:08:08.394+08:00  INFO 35488 --- [stwe-data-poc] [restartedMain] o.a.c.c.C.[Tomcat].[localhost].[/]       : Initializing Spring embedded WebApplicationContext
2026-03-12T16:08:08.395+08:00  INFO 35488 --- [stwe-data-poc] [restartedMain] w.s.c.ServletWebServerApplicationContext : Root WebApplicationContext: initialization completed in 1236 ms
2026-03-12T16:08:08.841+08:00  WARN 35488 --- [stwe-data-poc] [restartedMain] ConfigServletWebServerApplicationContext : Exception encountered during context initialization - cancelling refresh attempt: org.springframework.beans.factory.BeanCreationException: Error creating bean with name 'dataSource' defined in class path resource [org/springframework/boot/autoconfigure/jdbc/DataSourceConfiguration$Hikari.class]: Failed to instantiate [com.zaxxer.hikari.HikariDataSource]: Factory method 'dataSource' threw exception with message: Failed to determine a suitable driver class
2026-03-12T16:08:08.843+08:00  INFO 35488 --- [stwe-data-poc] [restartedMain] o.apache.catalina.core.StandardService   : Stopping service [Tomcat]
2026-03-12T16:08:08.852+08:00  INFO 35488 --- [stwe-data-poc] [restartedMain] .s.b.a.l.ConditionEvaluationReportLogger : 

Error starting ApplicationContext. To display the condition evaluation report re-run your application with 'debug' enabled.
2026-03-12T16:08:08.864+08:00 ERROR 35488 --- [stwe-data-poc] [restartedMain] o.s.b.d.LoggingFailureAnalysisReporter   : 

***************************
APPLICATION FAILED TO START
***************************

Description:

Failed to configure a DataSource: 'url' attribute is not specified and no embedded datasource could be configured.

Reason: Failed to determine a suitable driver class


Action:

Consider the following:
	If you want an embedded database (H2, HSQL or Derby), please put it on the classpath.
	If you have database settings to be loaded from a particular profile you may need to activate it (no profiles are currently active).

2026-03-12T16:11:19.788+08:00  INFO 37336 --- [stwe-data-poc] [restartedMain] com.toowe.stwe.AppStarter                : Starting AppStarter using Java 21.0.9 with PID 37336 (E:\project\stwe-data-poc\target\classes started by win10 in E:\project\stwe-data-poc)
2026-03-12T16:11:19.789+08:00  INFO 37336 --- [stwe-data-poc] [restartedMain] com.toowe.stwe.AppStarter                : No active profile set, falling back to 1 default profile: "default"
2026-03-12T16:11:19.910+08:00  INFO 37336 --- [stwe-data-poc] [restartedMain] .e.DevToolsPropertyDefaultsPostProcessor : Devtools property defaults active! Set 'spring.devtools.add-properties' to 'false' to disable
2026-03-12T16:11:19.910+08:00  INFO 37336 --- [stwe-data-poc] [restartedMain] .e.DevToolsPropertyDefaultsPostProcessor : For additional web related logging consider setting the 'logging.level.web' property to 'DEBUG'
2026-03-12T16:11:20.838+08:00  INFO 37336 --- [stwe-data-poc] [restartedMain] o.s.b.w.embedded.tomcat.TomcatWebServer  : Tomcat initialized with port 20263 (http)
2026-03-12T16:11:20.847+08:00  INFO 37336 --- [stwe-data-poc] [restartedMain] o.apache.catalina.core.StandardService   : Starting service [Tomcat]
2026-03-12T16:11:20.847+08:00  INFO 37336 --- [stwe-data-poc] [restartedMain] o.apache.catalina.core.StandardEngine    : Starting Servlet engine: [Apache Tomcat/10.1.31]
2026-03-12T16:11:20.876+08:00  INFO 37336 --- [stwe-data-poc] [restartedMain] o.a.c.c.C.[Tomcat].[localhost].[/]       : Initializing Spring embedded WebApplicationContext
2026-03-12T16:11:20.876+08:00  INFO 37336 --- [stwe-data-poc] [restartedMain] w.s.c.ServletWebServerApplicationContext : Root WebApplicationContext: initialization completed in 966 ms
2026-03-12T16:11:21.594+08:00  INFO 37336 --- [stwe-data-poc] [restartedMain] o.s.b.d.a.OptionalLiveReloadServer       : LiveReload server is running on port 35729
2026-03-12T16:11:21.601+08:00  INFO 37336 --- [stwe-data-poc] [restartedMain] o.s.b.a.e.web.EndpointLinksResolver      : Exposing 1 endpoint beneath base path '/actuator'
2026-03-12T16:11:21.648+08:00  INFO 37336 --- [stwe-data-poc] [restartedMain] o.s.b.w.embedded.tomcat.TomcatWebServer  : Tomcat started on port 20263 (http) with context path '/'
2026-03-12T16:11:21.657+08:00  INFO 37336 --- [stwe-data-poc] [restartedMain] com.toowe.stwe.AppStarter                : Started AppStarter in 2.233 seconds (process running for 2.702)
2026-03-12T16:11:21.664+08:00  INFO 37336 --- [stwe-data-poc] [restartedMain] com.toowe.stwe.AppStarter                : 
----------------------------------------------------------
	Application 'stwe-data-poc' is running! Access URLs:
	Local: 		http://localhost:20263
	External: 	http://28.0.0.1:20263
	Doc: 	http://28.0.0.1:20263/doc.html
----------------------------------------------------------
2026-03-12T16:11:21.708+08:00  INFO 37336 --- [stwe-data-poc] [http-nio-20263-exec-1] o.a.c.c.C.[Tomcat].[localhost].[/]       : Initializing Spring DispatcherServlet 'dispatcherServlet'
2026-03-12T16:11:21.708+08:00  INFO 37336 --- [stwe-data-poc] [http-nio-20263-exec-1] o.s.web.servlet.DispatcherServlet        : Initializing Servlet 'dispatcherServlet'
2026-03-12T16:11:21.708+08:00  INFO 37336 --- [stwe-data-poc] [http-nio-20263-exec-1] o.s.web.servlet.DispatcherServlet        : Completed initialization in 0 ms
2026-03-12T16:11:21.855+08:00  WARN 37336 --- [stwe-data-poc] [http-nio-20263-exec-2] c.g.x.k.s.e.OpenApiExtensionResolver     : (Ignores) Failed to read Markdown files,Error Message:class path resource [markdown/] cannot be resolved to URL because it does not exist 
2026-03-12T16:11:21.856+08:00  INFO 37336 --- [stwe-data-poc] [http-nio-20263-exec-2] o.springdoc.api.AbstractOpenApiResource  : Init duration for springdoc-openapi is: 56 ms
2026-03-12T16:48:01.131+08:00  INFO 8576 --- [stwe-data-poc] [restartedMain] com.toowe.stwe.AppStarter                : Starting AppStarter using Java 21.0.9 with PID 8576 (E:\project\stwe-data-poc\target\classes started by win10 in E:\project\stwe-data-poc)
2026-03-12T16:48:01.132+08:00  INFO 8576 --- [stwe-data-poc] [restartedMain] com.toowe.stwe.AppStarter                : No active profile set, falling back to 1 default profile: "default"
2026-03-12T16:48:01.267+08:00  INFO 8576 --- [stwe-data-poc] [restartedMain] .e.DevToolsPropertyDefaultsPostProcessor : Devtools property defaults active! Set 'spring.devtools.add-properties' to 'false' to disable
2026-03-12T16:48:01.267+08:00  INFO 8576 --- [stwe-data-poc] [restartedMain] .e.DevToolsPropertyDefaultsPostProcessor : For additional web related logging consider setting the 'logging.level.web' property to 'DEBUG'
2026-03-12T16:48:02.335+08:00  INFO 8576 --- [stwe-data-poc] [restartedMain] o.s.b.w.embedded.tomcat.TomcatWebServer  : Tomcat initialized with port 20263 (http)
2026-03-12T16:48:02.349+08:00  INFO 8576 --- [stwe-data-poc] [restartedMain] o.apache.catalina.core.StandardService   : Starting service [Tomcat]
2026-03-12T16:48:02.350+08:00  INFO 8576 --- [stwe-data-poc] [restartedMain] o.apache.catalina.core.StandardEngine    : Starting Servlet engine: [Apache Tomcat/10.1.31]
2026-03-12T16:48:02.391+08:00  INFO 8576 --- [stwe-data-poc] [restartedMain] o.a.c.c.C.[Tomcat].[localhost].[/]       : Initializing Spring embedded WebApplicationContext
2026-03-12T16:48:02.391+08:00  INFO 8576 --- [stwe-data-poc] [restartedMain] w.s.c.ServletWebServerApplicationContext : Root WebApplicationContext: initialization completed in 1124 ms
2026-03-12T16:48:03.095+08:00  INFO 8576 --- [stwe-data-poc] [restartedMain] o.s.b.d.a.OptionalLiveReloadServer       : LiveReload server is running on port 35729
2026-03-12T16:48:03.104+08:00  INFO 8576 --- [stwe-data-poc] [restartedMain] o.s.b.a.e.web.EndpointLinksResolver      : Exposing 1 endpoint beneath base path '/actuator'
2026-03-12T16:48:03.158+08:00  INFO 8576 --- [stwe-data-poc] [restartedMain] o.s.b.w.embedded.tomcat.TomcatWebServer  : Tomcat started on port 20263 (http) with context path '/'
2026-03-12T16:48:03.168+08:00  INFO 8576 --- [stwe-data-poc] [restartedMain] com.toowe.stwe.AppStarter                : Started AppStarter in 2.453 seconds (process running for 2.94)
2026-03-12T16:48:03.174+08:00  INFO 8576 --- [stwe-data-poc] [restartedMain] com.toowe.stwe.AppStarter                : 
----------------------------------------------------------
	Application 'stwe-data-poc' is running! Access URLs:
	Local: 		http://localhost:20263
	External: 	http://28.0.0.1:20263
	Doc: 	http://28.0.0.1:20263/doc.html
----------------------------------------------------------
2026-03-12T16:48:03.213+08:00  INFO 8576 --- [stwe-data-poc] [http-nio-20263-exec-1] o.a.c.c.C.[Tomcat].[localhost].[/]       : Initializing Spring DispatcherServlet 'dispatcherServlet'
2026-03-12T16:48:03.214+08:00  INFO 8576 --- [stwe-data-poc] [http-nio-20263-exec-1] o.s.web.servlet.DispatcherServlet        : Initializing Servlet 'dispatcherServlet'
2026-03-12T16:48:03.215+08:00  INFO 8576 --- [stwe-data-poc] [http-nio-20263-exec-1] o.s.web.servlet.DispatcherServlet        : Completed initialization in 1 ms
2026-03-12T16:48:03.380+08:00  WARN 8576 --- [stwe-data-poc] [http-nio-20263-exec-3] c.g.x.k.s.e.OpenApiExtensionResolver     : (Ignores) Failed to read Markdown files,Error Message:class path resource [markdown/] cannot be resolved to URL because it does not exist 
2026-03-12T16:48:03.382+08:00  INFO 8576 --- [stwe-data-poc] [http-nio-20263-exec-3] o.springdoc.api.AbstractOpenApiResource  : Init duration for springdoc-openapi is: 71 ms
2026-03-12T16:49:14.844+08:00  INFO 8576 --- [stwe-data-poc] [File Watcher] rtingClassPathChangeChangedEventListener : Restarting due to 9 class path changes (0 additions, 0 deletions, 9 modifications)
2026-03-12T16:49:14.947+08:00  INFO 8576 --- [stwe-data-poc] [restartedMain] com.toowe.stwe.AppStarter                : Starting AppStarter using Java 21.0.9 with PID 8576 (E:\project\stwe-data-poc\target\classes started by win10 in E:\project\stwe-data-poc)
2026-03-12T16:49:14.947+08:00  INFO 8576 --- [stwe-data-poc] [restartedMain] com.toowe.stwe.AppStarter                : No active profile set, falling back to 1 default profile: "default"
2026-03-12T16:49:15.212+08:00  INFO 8576 --- [stwe-data-poc] [restartedMain] o.s.b.w.embedded.tomcat.TomcatWebServer  : Tomcat initialized with port 20263 (http)
2026-03-12T16:49:15.214+08:00  INFO 8576 --- [stwe-data-poc] [restartedMain] o.apache.catalina.core.StandardService   : Starting service [Tomcat]
2026-03-12T16:49:15.214+08:00  INFO 8576 --- [stwe-data-poc] [restartedMain] o.apache.catalina.core.StandardEngine    : Starting Servlet engine: [Apache Tomcat/10.1.31]
2026-03-12T16:49:15.223+08:00  INFO 8576 --- [stwe-data-poc] [restartedMain] o.a.c.c.C.[Tomcat].[localhost].[/]       : Initializing Spring embedded WebApplicationContext
2026-03-12T16:49:15.223+08:00  INFO 8576 --- [stwe-data-poc] [restartedMain] w.s.c.ServletWebServerApplicationContext : Root WebApplicationContext: initialization completed in 274 ms
2026-03-12T16:49:15.573+08:00  INFO 8576 --- [stwe-data-poc] [restartedMain] o.s.b.d.a.OptionalLiveReloadServer       : LiveReload server is running on port 35729
2026-03-12T16:49:15.576+08:00  INFO 8576 --- [stwe-data-poc] [restartedMain] o.s.b.a.e.web.EndpointLinksResolver      : Exposing 1 endpoint beneath base path '/actuator'
2026-03-12T16:49:15.589+08:00  INFO 8576 --- [stwe-data-poc] [restartedMain] o.s.b.w.embedded.tomcat.TomcatWebServer  : Tomcat started on port 20263 (http) with context path '/'
2026-03-12T16:49:15.592+08:00  INFO 8576 --- [stwe-data-poc] [restartedMain] com.toowe.stwe.AppStarter                : Started AppStarter in 0.681 seconds (process running for 75.365)
2026-03-12T16:49:15.595+08:00  INFO 8576 --- [stwe-data-poc] [restartedMain] .ConditionEvaluationDeltaLoggingListener : Condition evaluation unchanged
2026-03-12T16:49:15.595+08:00  INFO 8576 --- [stwe-data-poc] [restartedMain] com.toowe.stwe.AppStarter                : 
----------------------------------------------------------
	Application 'stwe-data-poc' is running! Access URLs:
	Local: 		http://localhost:20263
	External: 	http://28.0.0.1:20263
	Doc: 	http://28.0.0.1:20263/doc.html
----------------------------------------------------------
2026-03-12T16:49:15.596+08:00  INFO 8576 --- [stwe-data-poc] [http-nio-20263-exec-1] o.a.c.c.C.[Tomcat].[localhost].[/]       : Initializing Spring DispatcherServlet 'dispatcherServlet'
2026-03-12T16:49:15.597+08:00  INFO 8576 --- [stwe-data-poc] [http-nio-20263-exec-1] o.s.web.servlet.DispatcherServlet        : Initializing Servlet 'dispatcherServlet'
2026-03-12T16:49:15.597+08:00  INFO 8576 --- [stwe-data-poc] [http-nio-20263-exec-1] o.s.web.servlet.DispatcherServlet        : Completed initialization in 0 ms
2026-03-12T16:49:15.628+08:00  WARN 8576 --- [stwe-data-poc] [http-nio-20263-exec-2] c.g.x.k.s.e.OpenApiExtensionResolver     : (Ignores) Failed to read Markdown files,Error Message:class path resource [markdown/] cannot be resolved to URL because it does not exist 
2026-03-12T16:49:15.628+08:00  INFO 8576 --- [stwe-data-poc] [http-nio-20263-exec-2] o.springdoc.api.AbstractOpenApiResource  : Init duration for springdoc-openapi is: 25 ms
2026-03-12T16:49:24.885+08:00  INFO 23720 --- [stwe-data-poc] [restartedMain] com.toowe.stwe.AppStarter                : Starting AppStarter using Java 21.0.9 with PID 23720 (E:\project\stwe-data-poc\target\classes started by win10 in E:\project\stwe-data-poc)
2026-03-12T16:49:24.887+08:00  INFO 23720 --- [stwe-data-poc] [restartedMain] com.toowe.stwe.AppStarter                : No active profile set, falling back to 1 default profile: "default"
2026-03-12T16:49:25.031+08:00  INFO 23720 --- [stwe-data-poc] [restartedMain] .e.DevToolsPropertyDefaultsPostProcessor : Devtools property defaults active! Set 'spring.devtools.add-properties' to 'false' to disable
2026-03-12T16:49:25.031+08:00  INFO 23720 --- [stwe-data-poc] [restartedMain] .e.DevToolsPropertyDefaultsPostProcessor : For additional web related logging consider setting the 'logging.level.web' property to 'DEBUG'
2026-03-12T16:49:26.140+08:00  INFO 23720 --- [stwe-data-poc] [restartedMain] o.s.b.w.embedded.tomcat.TomcatWebServer  : Tomcat initialized with port 20263 (http)
2026-03-12T16:49:26.150+08:00  INFO 23720 --- [stwe-data-poc] [restartedMain] o.apache.catalina.core.StandardService   : Starting service [Tomcat]
2026-03-12T16:49:26.150+08:00  INFO 23720 --- [stwe-data-poc] [restartedMain] o.apache.catalina.core.StandardEngine    : Starting Servlet engine: [Apache Tomcat/10.1.31]
2026-03-12T16:49:26.182+08:00  INFO 23720 --- [stwe-data-poc] [restartedMain] o.a.c.c.C.[Tomcat].[localhost].[/]       : Initializing Spring embedded WebApplicationContext
2026-03-12T16:49:26.182+08:00  INFO 23720 --- [stwe-data-poc] [restartedMain] w.s.c.ServletWebServerApplicationContext : Root WebApplicationContext: initialization completed in 1151 ms
2026-03-12T16:49:27.056+08:00  INFO 23720 --- [stwe-data-poc] [restartedMain] o.s.b.d.a.OptionalLiveReloadServer       : LiveReload server is running on port 35729
2026-03-12T16:49:27.066+08:00  INFO 23720 --- [stwe-data-poc] [restartedMain] o.s.b.a.e.web.EndpointLinksResolver      : Exposing 1 endpoint beneath base path '/actuator'
2026-03-12T16:49:27.129+08:00  INFO 23720 --- [stwe-data-poc] [restartedMain] o.s.b.w.embedded.tomcat.TomcatWebServer  : Tomcat started on port 20263 (http) with context path '/'
2026-03-12T16:49:27.139+08:00  INFO 23720 --- [stwe-data-poc] [restartedMain] com.toowe.stwe.AppStarter                : Started AppStarter in 2.655 seconds (process running for 3.174)
2026-03-12T16:49:27.145+08:00  INFO 23720 --- [stwe-data-poc] [restartedMain] com.toowe.stwe.AppStarter                : 
----------------------------------------------------------
	Application 'stwe-data-poc' is running! Access URLs:
	Local: 		http://localhost:20263
	External: 	http://28.0.0.1:20263
	Doc: 	http://28.0.0.1:20263/doc.html
----------------------------------------------------------
2026-03-12T16:49:27.188+08:00  INFO 23720 --- [stwe-data-poc] [http-nio-20263-exec-1] o.a.c.c.C.[Tomcat].[localhost].[/]       : Initializing Spring DispatcherServlet 'dispatcherServlet'
2026-03-12T16:49:27.188+08:00  INFO 23720 --- [stwe-data-poc] [http-nio-20263-exec-1] o.s.web.servlet.DispatcherServlet        : Initializing Servlet 'dispatcherServlet'
2026-03-12T16:49:27.189+08:00  INFO 23720 --- [stwe-data-poc] [http-nio-20263-exec-1] o.s.web.servlet.DispatcherServlet        : Completed initialization in 1 ms
2026-03-12T16:49:27.409+08:00  WARN 23720 --- [stwe-data-poc] [http-nio-20263-exec-2] c.g.x.k.s.e.OpenApiExtensionResolver     : (Ignores) Failed to read Markdown files,Error Message:class path resource [markdown/] cannot be resolved to URL because it does not exist 
2026-03-12T16:49:27.412+08:00  INFO 23720 --- [stwe-data-poc] [http-nio-20263-exec-2] o.springdoc.api.AbstractOpenApiResource  : Init duration for springdoc-openapi is: 106 ms
2026-03-12T16:49:33.151+08:00  INFO 23720 --- [stwe-data-poc] [http-nio-20263-exec-8] c.t.s.controller.BaoguandanController    : 收到查询报关单请求，Number: AC09008VT
2026-03-12T16:49:33.151+08:00  INFO 23720 --- [stwe-data-poc] [http-nio-20263-exec-8] c.toowe.stwe.service.BaoguandanService   : 查询报关单，URL: http://192.168.1.47/K3Cloud/Kingdee.BOS.WebApi.ServicesStub.DynamicFormService.View.common.kdsvc, Number: AC09008VT
2026-03-12T16:49:43.166+08:00 ERROR 23720 --- [stwe-data-poc] [http-nio-20263-exec-8] c.toowe.stwe.service.BaoguandanService   : 查询报关单失败，Number: AC09008VT

java.net.SocketException: Unexpected end of file from server
	at java.base/sun.net.www.http.HttpClient.parseHTTPHeader(HttpClient.java:955)
	at java.base/sun.net.www.http.HttpClient.parseHTTP(HttpClient.java:759)
	at java.base/sun.net.www.http.HttpClient.parseHTTPHeader(HttpClient.java:952)
	at java.base/sun.net.www.http.HttpClient.parseHTTP(HttpClient.java:759)
	at java.base/sun.net.www.protocol.http.HttpURLConnection.getInputStream0(HttpURLConnection.java:1706)
	at java.base/sun.net.www.protocol.http.HttpURLConnection.getInputStream(HttpURLConnection.java:1615)
	at com.toowe.stwe.util.K3cloudUtil.viewBaoguandan(K3cloudUtil.java:88)
	at com.toowe.stwe.service.BaoguandanService.getBaoguandan(BaoguandanService.java:26)
	at com.toowe.stwe.controller.BaoguandanController.viewBaoguandan(BaoguandanController.java:34)
	at java.base/jdk.internal.reflect.DirectMethodHandleAccessor.invoke(DirectMethodHandleAccessor.java:103)
	at java.base/java.lang.reflect.Method.invoke(Method.java:580)
	at org.springframework.web.method.support.InvocableHandlerMethod.doInvoke(InvocableHandlerMethod.java:255)
	at org.springframework.web.method.support.InvocableHandlerMethod.invokeForRequest(InvocableHandlerMethod.java:188)
	at org.springframework.web.servlet.mvc.method.annotation.ServletInvocableHandlerMethod.invokeAndHandle(ServletInvocableHandlerMethod.java:118)
	at org.springframework.web.servlet.mvc.method.annotation.RequestMappingHandlerAdapter.invokeHandlerMethod(RequestMappingHandlerAdapter.java:926)
	at org.springframework.web.servlet.mvc.method.annotation.RequestMappingHandlerAdapter.handleInternal(RequestMappingHandlerAdapter.java:831)
	at org.springframework.web.servlet.mvc.method.AbstractHandlerMethodAdapter.handle(AbstractHandlerMethodAdapter.java:87)
	at org.springframework.web.servlet.DispatcherServlet.doDispatch(DispatcherServlet.java:1089)
	at org.springframework.web.servlet.DispatcherServlet.doService(DispatcherServlet.java:979)
	at org.springframework.web.servlet.FrameworkServlet.processRequest(FrameworkServlet.java:1014)
	at org.springframework.web.servlet.FrameworkServlet.doGet(FrameworkServlet.java:903)
	at jakarta.servlet.http.HttpServlet.service(HttpServlet.java:564)
	at org.springframework.web.servlet.FrameworkServlet.service(FrameworkServlet.java:885)
	at jakarta.servlet.http.HttpServlet.service(HttpServlet.java:658)
	at org.apache.catalina.core.ApplicationFilterChain.internalDoFilter(ApplicationFilterChain.java:195)
	at org.apache.catalina.core.ApplicationFilterChain.doFilter(ApplicationFilterChain.java:140)
	at org.springframework.web.filter.CorsFilter.doFilterInternal(CorsFilter.java:91)
	at org.springframework.web.filter.OncePerRequestFilter.doFilter(OncePerRequestFilter.java:116)
	at org.apache.catalina.core.ApplicationFilterChain.internalDoFilter(ApplicationFilterChain.java:164)
	at org.apache.catalina.core.ApplicationFilterChain.doFilter(ApplicationFilterChain.java:140)
	at org.springframework.web.filter.RequestContextFilter.doFilterInternal(RequestContextFilter.java:100)
	at org.springframework.web.filter.OncePerRequestFilter.doFilter(OncePerRequestFilter.java:116)
	at org.apache.catalina.core.ApplicationFilterChain.internalDoFilter(ApplicationFilterChain.java:164)
	at org.apache.catalina.core.ApplicationFilterChain.doFilter(ApplicationFilterChain.java:140)
	at org.springframework.web.filter.FormContentFilter.doFilterInternal(FormContentFilter.java:93)
	at org.springframework.web.filter.OncePerRequestFilter.doFilter(OncePerRequestFilter.java:116)
	at org.apache.catalina.core.ApplicationFilterChain.internalDoFilter(ApplicationFilterChain.java:164)
	at org.apache.catalina.core.ApplicationFilterChain.doFilter(ApplicationFilterChain.java:140)
	at org.springframework.web.filter.ServerHttpObservationFilter.doFilterInternal(ServerHttpObservationFilter.java:113)
	at org.springframework.web.filter.OncePerRequestFilter.doFilter(OncePerRequestFilter.java:116)
	at org.apache.catalina.core.ApplicationFilterChain.internalDoFilter(ApplicationFilterChain.java:164)
	at org.apache.catalina.core.ApplicationFilterChain.doFilter(ApplicationFilterChain.java:140)
	at org.springframework.web.filter.CharacterEncodingFilter.doFilterInternal(CharacterEncodingFilter.java:201)
	at org.springframework.web.filter.OncePerRequestFilter.doFilter(OncePerRequestFilter.java:116)
	at org.apache.catalina.core.ApplicationFilterChain.internalDoFilter(ApplicationFilterChain.java:164)
	at org.apache.catalina.core.ApplicationFilterChain.doFilter(ApplicationFilterChain.java:140)
	at org.apache.catalina.core.StandardWrapperValve.invoke(StandardWrapperValve.java:167)
	at org.apache.catalina.core.StandardContextValve.invoke(StandardContextValve.java:90)
	at org.apache.catalina.authenticator.AuthenticatorBase.invoke(AuthenticatorBase.java:483)
	at org.apache.catalina.core.StandardHostValve.invoke(StandardHostValve.java:115)
	at org.apache.catalina.valves.ErrorReportValve.invoke(ErrorReportValve.java:93)
	at org.apache.catalina.core.StandardEngineValve.invoke(StandardEngineValve.java:74)
	at org.apache.catalina.connector.CoyoteAdapter.service(CoyoteAdapter.java:344)
	at org.apache.coyote.http11.Http11Processor.service(Http11Processor.java:384)
	at org.apache.coyote.AbstractProcessorLight.process(AbstractProcessorLight.java:63)
	at org.apache.coyote.AbstractProtocol$ConnectionHandler.process(AbstractProtocol.java:905)
	at org.apache.tomcat.util.net.NioEndpoint$SocketProcessor.doRun(NioEndpoint.java:1741)
	at org.apache.tomcat.util.net.SocketProcessorBase.run(SocketProcessorBase.java:52)
	at org.apache.tomcat.util.threads.ThreadPoolExecutor.runWorker(ThreadPoolExecutor.java:1190)
	at org.apache.tomcat.util.threads.ThreadPoolExecutor$Worker.run(ThreadPoolExecutor.java:659)
	at org.apache.tomcat.util.threads.TaskThread$WrappingRunnable.run(TaskThread.java:63)
	at java.base/java.lang.Thread.run(Thread.java:1583)

2026-03-12T16:49:43.177+08:00  WARN 23720 --- [stwe-data-poc] [http-nio-20263-exec-8] .m.m.a.ExceptionHandlerExceptionResolver : Resolved [java.lang.RuntimeException: 查询报关单失败: Unexpected end of file from server]
2026-03-12T18:53:29.094+08:00  INFO 23720 --- [stwe-data-poc] [File Watcher] rtingClassPathChangeChangedEventListener : Restarting due to 1 class path change (0 additions, 0 deletions, 1 modification)
2026-03-12T18:53:29.326+08:00  INFO 23720 --- [stwe-data-poc] [restartedMain] com.toowe.stwe.AppStarter                : Starting AppStarter using Java 21.0.9 with PID 23720 (E:\project\stwe-data-poc\target\classes started by win10 in E:\project\stwe-data-poc)
2026-03-12T18:53:29.326+08:00  INFO 23720 --- [stwe-data-poc] [restartedMain] com.toowe.stwe.AppStarter                : No active profile set, falling back to 1 default profile: "default"
2026-03-12T18:53:29.671+08:00  INFO 23720 --- [stwe-data-poc] [restartedMain] o.s.b.w.embedded.tomcat.TomcatWebServer  : Tomcat initialized with port 20263 (http)
2026-03-12T18:53:29.672+08:00  INFO 23720 --- [stwe-data-poc] [restartedMain] o.apache.catalina.core.StandardService   : Starting service [Tomcat]
2026-03-12T18:53:29.672+08:00  INFO 23720 --- [stwe-data-poc] [restartedMain] o.apache.catalina.core.StandardEngine    : Starting Servlet engine: [Apache Tomcat/10.1.31]
2026-03-12T18:53:29.682+08:00  INFO 23720 --- [stwe-data-poc] [restartedMain] o.a.c.c.C.[Tomcat].[localhost].[/]       : Initializing Spring embedded WebApplicationContext
2026-03-12T18:53:29.682+08:00  INFO 23720 --- [stwe-data-poc] [restartedMain] w.s.c.ServletWebServerApplicationContext : Root WebApplicationContext: initialization completed in 350 ms
2026-03-12T18:53:30.033+08:00  INFO 23720 --- [stwe-data-poc] [restartedMain] o.s.b.d.a.OptionalLiveReloadServer       : LiveReload server is running on port 35729
2026-03-12T18:53:30.037+08:00  INFO 23720 --- [stwe-data-poc] [restartedMain] o.s.b.a.e.web.EndpointLinksResolver      : Exposing 1 endpoint beneath base path '/actuator'
2026-03-12T18:53:30.052+08:00  INFO 23720 --- [stwe-data-poc] [restartedMain] o.s.b.w.embedded.tomcat.TomcatWebServer  : Tomcat started on port 20263 (http) with context path '/'
2026-03-12T18:53:30.056+08:00  INFO 23720 --- [stwe-data-poc] [restartedMain] com.toowe.stwe.AppStarter                : Started AppStarter in 0.776 seconds (process running for 7446.092)
2026-03-12T18:53:30.058+08:00  INFO 23720 --- [stwe-data-poc] [restartedMain] .ConditionEvaluationDeltaLoggingListener : Condition evaluation unchanged
2026-03-12T18:53:30.058+08:00  INFO 23720 --- [stwe-data-poc] [restartedMain] com.toowe.stwe.AppStarter                : 
----------------------------------------------------------
	Application 'stwe-data-poc' is running! Access URLs:
	Local: 		http://localhost:20263
	External: 	http://28.0.0.1:20263
	Doc: 	http://28.0.0.1:20263/doc.html
----------------------------------------------------------
2026-03-12T18:53:30.060+08:00  INFO 23720 --- [stwe-data-poc] [http-nio-20263-exec-1] o.a.c.c.C.[Tomcat].[localhost].[/]       : Initializing Spring DispatcherServlet 'dispatcherServlet'
2026-03-12T18:53:30.060+08:00  INFO 23720 --- [stwe-data-poc] [http-nio-20263-exec-1] o.s.web.servlet.DispatcherServlet        : Initializing Servlet 'dispatcherServlet'
2026-03-12T18:53:30.061+08:00  INFO 23720 --- [stwe-data-poc] [http-nio-20263-exec-1] o.s.web.servlet.DispatcherServlet        : Completed initialization in 1 ms
2026-03-12T18:53:30.097+08:00  WARN 23720 --- [stwe-data-poc] [http-nio-20263-exec-2] c.g.x.k.s.e.OpenApiExtensionResolver     : (Ignores) Failed to read Markdown files,Error Message:class path resource [markdown/] cannot be resolved to URL because it does not exist 
2026-03-12T18:53:30.098+08:00  INFO 23720 --- [stwe-data-poc] [http-nio-20263-exec-2] o.springdoc.api.AbstractOpenApiResource  : Init duration for springdoc-openapi is: 29 ms
